2025-03-10 17:37:44,208 - src.data_cleaning - INFO - Starting asset data cleaning...
2025-03-10 17:37:44,356 - src.data_cleaning - INFO - Missing values before cleaning: count    9.0
mean     0.0
std      0.0
min      0.0
25%      0.0
50%      0.0
75%      0.0
max      0.0
dtype: float64
2025-03-10 17:37:46,289 - src.data_cleaning - INFO - Asset data cleaning completed. Files saved to: /Users/favourchianumba/Desktop/code_projects/data science/portfolio-optimization/data/processed
2025-03-10 17:37:46,290 - src.data_cleaning - INFO - Starting macro data cleaning...
2025-03-10 17:37:47,500 - src.data_cleaning - INFO - Macro data cleaning completed. Files saved to: /Users/favourchianumba/Desktop/code_projects/data science/portfolio-optimization/data/processed
2025-03-10 21:33:49,992 - src.data_cleaning - INFO - Starting asset data cleaning...
2025-03-10 21:33:50,027 - src.data_cleaning - INFO - Missing values before cleaning: count    9.0
mean     0.0
std      0.0
min      0.0
25%      0.0
50%      0.0
75%      0.0
max      0.0
dtype: float64
2025-03-10 21:33:52,164 - src.data_cleaning - INFO - Asset data cleaning completed. Files saved to: /Users/favourchianumba/Desktop/code_projects/data science/portfolio-optimization/data/processed
2025-03-10 21:33:52,165 - src.data_cleaning - INFO - Starting macro data cleaning...
2025-03-10 21:33:53,259 - src.data_cleaning - INFO - Macro data cleaning completed. Files saved to: /Users/favourchianumba/Desktop/code_projects/data science/portfolio-optimization/data/processed
2025-03-10 22:16:45,960 - src.data_cleaning - INFO - Starting asset data cleaning...
2025-03-10 22:16:46,003 - src.data_cleaning - INFO - Missing values before cleaning: count    9.0
mean     0.0
std      0.0
min      0.0
25%      0.0
50%      0.0
75%      0.0
max      0.0
dtype: float64
2025-03-10 22:16:49,216 - src.data_cleaning - INFO - Asset data cleaning completed. Files saved to: /Users/favourchianumba/Desktop/code_projects/data science/portfolio-optimization/data/processed
2025-03-10 22:16:49,218 - src.data_cleaning - INFO - Starting macro data cleaning...
2025-03-10 22:16:50,399 - src.data_cleaning - INFO - Macro data cleaning completed. Files saved to: /Users/favourchianumba/Desktop/code_projects/data science/portfolio-optimization/data/processed
