2025-03-10 17:19:36,885 - src.data_collection - INFO - Starting data collection...
2025-03-10 17:19:36,894 - src.data_collection - INFO - Attempting to download asset data from Yahoo Finance...
2025-03-10 17:20:43,926 - src.data_collection - WARNING - Only downloaded 0/9 assets from Yahoo Finance.
2025-03-10 17:20:43,944 - src.data_collection - INFO - Attempting to download asset data from Alpha Vantage...
2025-03-10 17:20:44,158 - src.data_collection - WARNING - No time series data returned for SPY
2025-03-10 17:20:44,160 - src.data_collection - WARNING - No time series data returned for GLD
2025-03-10 17:20:44,161 - src.data_collection - WARNING - No time series data returned for TLT
2025-03-10 17:20:44,165 - src.data_collection - INFO - Rate limiting: waiting 59.79 seconds
2025-03-10 17:20:44,168 - src.data_collection - WARNING - No time series data returned for QQQ
2025-03-10 17:20:44,171 - src.data_collection - INFO - Rate limiting: waiting 59.78 seconds
2025-03-10 17:20:44,178 - src.data_collection - INFO - Rate limiting: waiting 59.77 seconds
2025-03-10 17:20:44,186 - src.data_collection - INFO - Rate limiting: waiting 59.77 seconds
2025-03-10 17:20:44,410 - src.data_collection - WARNING - No time series data returned for AAPL
2025-03-10 17:21:44,750 - src.data_collection - WARNING - No time series data returned for JPM
2025-03-10 17:21:44,863 - src.data_collection - WARNING - No time series data returned for AMZN
2025-03-10 17:21:44,868 - src.data_collection - WARNING - No time series data returned for MSFT
2025-03-10 17:21:44,874 - src.data_collection - WARNING - No time series data returned for XOM
2025-03-10 17:21:44,882 - src.data_collection - WARNING - Only downloaded 0/9 assets from Alpha Vantage.
2025-03-10 17:21:44,883 - src.data_collection - INFO - Attempting to download asset data from Polygon...
2025-03-10 17:21:45,176 - src.data_collection - WARNING - Polygon error for SPY: Unknown API Key
2025-03-10 17:21:46,016 - src.data_collection - WARNING - Polygon error for QQQ: Unknown API Key
2025-03-10 17:21:46,283 - src.data_collection - WARNING - Polygon error for TLT: Unknown API Key
2025-03-10 17:21:46,534 - src.data_collection - WARNING - Polygon error for GLD: Unknown API Key
2025-03-10 17:21:47,300 - src.data_collection - WARNING - Polygon error for AAPL: Unknown API Key
2025-03-10 17:21:47,304 - src.data_collection - INFO - Rate limiting: waiting 57.59 seconds
2025-03-10 17:22:45,153 - src.data_collection - WARNING - Polygon error for MSFT: Unknown API Key
2025-03-10 17:22:45,159 - src.data_collection - INFO - Rate limiting: waiting 0.02 seconds
2025-03-10 17:22:45,507 - src.data_collection - WARNING - Polygon error for AMZN: Unknown API Key
2025-03-10 17:22:45,512 - src.data_collection - INFO - Rate limiting: waiting 0.51 seconds
2025-03-10 17:22:46,283 - src.data_collection - WARNING - Polygon error for JPM: Unknown API Key
2025-03-10 17:22:47,219 - src.data_collection - WARNING - Polygon error for XOM: Unknown API Key
2025-03-10 17:22:47,223 - src.data_collection - WARNING - Only downloaded 0/9 assets from Polygon.
2025-03-10 17:22:47,224 - src.data_collection - WARNING - All data sources failed. Using sample asset data.
2025-03-10 17:22:47,226 - src.data_collection - INFO - Generating sample asset price data...
2025-03-10 17:22:47,295 - src.data_collection - INFO - Attempting to download macro data from FRED...
2025-03-10 17:22:47,371 - src.data_collection - WARNING - Error downloading CPIAUCSL: <urlopen error [SSL: CERTIFICATE_VERIFY_FAILED] certificate verify failed: unable to get local issuer certificate (_ssl.c:1002)>
2025-03-10 17:22:47,395 - src.data_collection - WARNING - Error downloading UNRATE: <urlopen error [SSL: CERTIFICATE_VERIFY_FAILED] certificate verify failed: unable to get local issuer certificate (_ssl.c:1002)>
2025-03-10 17:22:47,419 - src.data_collection - WARNING - Error downloading FEDFUNDS: <urlopen error [SSL: CERTIFICATE_VERIFY_FAILED] certificate verify failed: unable to get local issuer certificate (_ssl.c:1002)>
2025-03-10 17:22:47,443 - src.data_collection - WARNING - Error downloading T10Y2Y: <urlopen error [SSL: CERTIFICATE_VERIFY_FAILED] certificate verify failed: unable to get local issuer certificate (_ssl.c:1002)>
2025-03-10 17:22:47,466 - src.data_collection - WARNING - Error downloading BAMLH0A0HYM2: <urlopen error [SSL: CERTIFICATE_VERIFY_FAILED] certificate verify failed: unable to get local issuer certificate (_ssl.c:1002)>
2025-03-10 17:22:47,469 - src.data_collection - WARNING - No FRED data downloaded. Using sample macro data instead.
2025-03-10 17:22:47,470 - src.data_collection - INFO - Generating sample macroeconomic data...
2025-03-10 17:22:47,533 - src.data_collection - INFO - Attempting to download macro indicators from Yahoo Finance...
2025-03-10 17:23:12,657 - src.data_collection - INFO - Alpha Vantage doesn't support macroeconomic indicators through this implementation
2025-03-10 17:23:12,661 - src.data_collection - INFO - Polygon doesn't support macroeconomic indicators through this implementation
2025-03-10 17:23:12,731 - src.data_collection - INFO - Data collection completed. Files saved to: /Users/favourchianumba/Desktop/code_projects/data science/portfolio-optimization/data/raw
2025-03-10 21:30:53,797 - src.data_collection - INFO - Starting data collection...
2025-03-10 21:30:53,808 - src.data_collection - INFO - Attempting to download asset data from Yahoo Finance...
2025-03-10 21:31:31,860 - src.data_collection - WARNING - Only downloaded 0/9 assets from Yahoo Finance.
2025-03-10 21:31:31,862 - src.data_collection - INFO - Attempting to download asset data from Alpha Vantage...
2025-03-10 21:31:32,573 - src.data_collection - WARNING - No time series data returned for QQQ
2025-03-10 21:31:32,576 - src.data_collection - WARNING - No time series data returned for SPY
2025-03-10 21:31:32,582 - src.data_collection - INFO - Rate limiting: waiting 59.28 seconds
2025-03-10 21:31:32,583 - src.data_collection - WARNING - No time series data returned for AAPL
2025-03-10 21:31:32,587 - src.data_collection - INFO - Rate limiting: waiting 59.28 seconds
2025-03-10 21:31:32,588 - src.data_collection - WARNING - No time series data returned for TLT
2025-03-10 21:31:32,613 - src.data_collection - INFO - Rate limiting: waiting 59.25 seconds
2025-03-10 21:31:32,616 - src.data_collection - WARNING - No time series data returned for GLD
2025-03-10 21:31:32,643 - src.data_collection - INFO - Rate limiting: waiting 59.22 seconds
2025-03-10 21:32:32,046 - src.data_collection - WARNING - No time series data returned for XOM
2025-03-10 21:32:32,059 - src.data_collection - WARNING - No time series data returned for JPM
2025-03-10 21:32:32,065 - src.data_collection - WARNING - No time series data returned for MSFT
2025-03-10 21:32:32,082 - src.data_collection - WARNING - No time series data returned for AMZN
2025-03-10 21:32:32,090 - src.data_collection - WARNING - Only downloaded 0/9 assets from Alpha Vantage.
2025-03-10 21:32:32,092 - src.data_collection - INFO - Attempting to download asset data from Polygon...
2025-03-10 21:32:32,902 - src.data_collection - WARNING - Polygon error for SPY: Unknown API Key
2025-03-10 21:32:33,171 - src.data_collection - WARNING - Polygon error for QQQ: Unknown API Key
2025-03-10 21:32:33,956 - src.data_collection - WARNING - Polygon error for TLT: Unknown API Key
2025-03-10 21:32:34,290 - src.data_collection - WARNING - Polygon error for GLD: Unknown API Key
2025-03-10 21:32:34,581 - src.data_collection - WARNING - Polygon error for AAPL: Unknown API Key
2025-03-10 21:32:34,585 - src.data_collection - INFO - Rate limiting: waiting 57.51 seconds
2025-03-10 21:33:32,854 - src.data_collection - WARNING - Polygon error for MSFT: Unknown API Key
2025-03-10 21:33:32,868 - src.data_collection - INFO - Rate limiting: waiting 0.04 seconds
2025-03-10 21:33:33,177 - src.data_collection - WARNING - Polygon error for AMZN: Unknown API Key
2025-03-10 21:33:33,462 - src.data_collection - WARNING - Polygon error for JPM: Unknown API Key
2025-03-10 21:33:33,466 - src.data_collection - INFO - Rate limiting: waiting 0.49 seconds
2025-03-10 21:33:34,368 - src.data_collection - WARNING - Polygon error for XOM: Unknown API Key
2025-03-10 21:33:34,372 - src.data_collection - WARNING - Only downloaded 0/9 assets from Polygon.
2025-03-10 21:33:34,375 - src.data_collection - WARNING - All data sources failed. Using sample asset data.
2025-03-10 21:33:34,376 - src.data_collection - INFO - Generating sample asset price data...
2025-03-10 21:33:34,462 - src.data_collection - INFO - Attempting to download macro data from FRED...
2025-03-10 21:33:35,027 - src.data_collection - WARNING - Error downloading CPIAUCSL: <urlopen error [SSL: CERTIFICATE_VERIFY_FAILED] certificate verify failed: unable to get local issuer certificate (_ssl.c:1002)>
2025-03-10 21:33:35,048 - src.data_collection - WARNING - Error downloading UNRATE: <urlopen error [SSL: CERTIFICATE_VERIFY_FAILED] certificate verify failed: unable to get local issuer certificate (_ssl.c:1002)>
2025-03-10 21:33:35,070 - src.data_collection - WARNING - Error downloading FEDFUNDS: <urlopen error [SSL: CERTIFICATE_VERIFY_FAILED] certificate verify failed: unable to get local issuer certificate (_ssl.c:1002)>
2025-03-10 21:33:35,094 - src.data_collection - WARNING - Error downloading T10Y2Y: <urlopen error [SSL: CERTIFICATE_VERIFY_FAILED] certificate verify failed: unable to get local issuer certificate (_ssl.c:1002)>
2025-03-10 21:33:35,124 - src.data_collection - WARNING - Error downloading BAMLH0A0HYM2: <urlopen error [SSL: CERTIFICATE_VERIFY_FAILED] certificate verify failed: unable to get local issuer certificate (_ssl.c:1002)>
2025-03-10 21:33:35,125 - src.data_collection - WARNING - No FRED data downloaded. Using sample macro data instead.
2025-03-10 21:33:35,127 - src.data_collection - INFO - Generating sample macroeconomic data...
2025-03-10 21:33:35,198 - src.data_collection - INFO - Attempting to download macro indicators from Yahoo Finance...
2025-03-10 21:33:48,302 - src.data_collection - INFO - Alpha Vantage doesn't support macroeconomic indicators through this implementation
2025-03-10 21:33:48,307 - src.data_collection - INFO - Polygon doesn't support macroeconomic indicators through this implementation
2025-03-10 21:33:48,881 - src.data_collection - INFO - Data collection completed. Files saved to: /Users/favourchianumba/Desktop/code_projects/data science/portfolio-optimization/data/raw
2025-03-10 22:12:34,139 - src.data_collection - INFO - Starting data collection...
2025-03-10 22:12:34,154 - src.data_collection - INFO - Attempting to download asset data from Yahoo Finance...
2025-03-10 22:13:58,013 - src.data_collection - WARNING - Only downloaded 0/9 assets from Yahoo Finance.
2025-03-10 22:13:58,015 - src.data_collection - INFO - Attempting to download asset data from Alpha Vantage...
2025-03-10 22:13:58,216 - src.data_collection - WARNING - No time series data returned for QQQ
2025-03-10 22:13:58,219 - src.data_collection - WARNING - No time series data returned for TLT
2025-03-10 22:13:58,219 - src.data_collection - WARNING - No time series data returned for AAPL
2025-03-10 22:13:58,223 - src.data_collection - INFO - Rate limiting: waiting 59.79 seconds
2025-03-10 22:13:58,228 - src.data_collection - INFO - Rate limiting: waiting 59.79 seconds
2025-03-10 22:13:58,232 - src.data_collection - INFO - Rate limiting: waiting 59.78 seconds
2025-03-10 22:13:58,240 - src.data_collection - WARNING - No time series data returned for SPY
2025-03-10 22:13:58,244 - src.data_collection - INFO - Rate limiting: waiting 59.77 seconds
2025-03-10 22:13:58,381 - src.data_collection - WARNING - No time series data returned for GLD
2025-03-10 22:14:59,200 - src.data_collection - WARNING - No time series data returned for XOM
2025-03-10 22:14:59,200 - src.data_collection - WARNING - No time series data returned for JPM
2025-03-10 22:14:59,206 - src.data_collection - WARNING - No time series data returned for AMZN
2025-03-10 22:14:59,215 - src.data_collection - WARNING - No time series data returned for MSFT
2025-03-10 22:14:59,223 - src.data_collection - WARNING - Only downloaded 0/9 assets from Alpha Vantage.
2025-03-10 22:14:59,224 - src.data_collection - INFO - Attempting to download asset data from Polygon...
2025-03-10 22:14:59,530 - src.data_collection - WARNING - Polygon error for SPY: Unknown API Key
2025-03-10 22:15:00,289 - src.data_collection - WARNING - Polygon error for QQQ: Unknown API Key
2025-03-10 22:15:00,546 - src.data_collection - WARNING - Polygon error for TLT: Unknown API Key
2025-03-10 22:15:00,800 - src.data_collection - WARNING - Polygon error for GLD: Unknown API Key
2025-03-10 22:15:01,058 - src.data_collection - WARNING - Polygon error for AAPL: Unknown API Key
2025-03-10 22:15:01,062 - src.data_collection - INFO - Rate limiting: waiting 58.16 seconds
2025-03-10 22:16:00,482 - src.data_collection - WARNING - Polygon error for MSFT: Unknown API Key
2025-03-10 22:16:00,783 - src.data_collection - WARNING - Polygon error for AMZN: Unknown API Key
2025-03-10 22:16:01,534 - src.data_collection - WARNING - Polygon error for JPM: Unknown API Key
2025-03-10 22:16:01,787 - src.data_collection - WARNING - Polygon error for XOM: Unknown API Key
2025-03-10 22:16:01,791 - src.data_collection - WARNING - Only downloaded 0/9 assets from Polygon.
2025-03-10 22:16:01,792 - src.data_collection - WARNING - All data sources failed. Using sample asset data.
2025-03-10 22:16:01,793 - src.data_collection - INFO - Generating sample asset price data...
2025-03-10 22:16:01,864 - src.data_collection - INFO - Attempting to download macro data from FRED...
2025-03-10 22:16:01,934 - src.data_collection - WARNING - Error downloading CPIAUCSL: <urlopen error [SSL: CERTIFICATE_VERIFY_FAILED] certificate verify failed: unable to get local issuer certificate (_ssl.c:1002)>
2025-03-10 22:16:01,956 - src.data_collection - WARNING - Error downloading UNRATE: <urlopen error [SSL: CERTIFICATE_VERIFY_FAILED] certificate verify failed: unable to get local issuer certificate (_ssl.c:1002)>
2025-03-10 22:16:01,976 - src.data_collection - WARNING - Error downloading FEDFUNDS: <urlopen error [SSL: CERTIFICATE_VERIFY_FAILED] certificate verify failed: unable to get local issuer certificate (_ssl.c:1002)>
2025-03-10 22:16:02,003 - src.data_collection - WARNING - Error downloading T10Y2Y: <urlopen error [SSL: CERTIFICATE_VERIFY_FAILED] certificate verify failed: unable to get local issuer certificate (_ssl.c:1002)>
2025-03-10 22:16:02,036 - src.data_collection - WARNING - Error downloading BAMLH0A0HYM2: <urlopen error [SSL: CERTIFICATE_VERIFY_FAILED] certificate verify failed: unable to get local issuer certificate (_ssl.c:1002)>
2025-03-10 22:16:02,037 - src.data_collection - WARNING - No FRED data downloaded. Using sample macro data instead.
2025-03-10 22:16:02,039 - src.data_collection - INFO - Generating sample macroeconomic data...
2025-03-10 22:16:02,101 - src.data_collection - INFO - Attempting to download macro indicators from Yahoo Finance...
2025-03-10 22:16:44,488 - src.data_collection - INFO - Alpha Vantage doesn't support macroeconomic indicators through this implementation
2025-03-10 22:16:44,574 - src.data_collection - INFO - Polygon doesn't support macroeconomic indicators through this implementation
2025-03-10 22:16:44,675 - src.data_collection - INFO - Data collection completed. Files saved to: /Users/favourchianumba/Desktop/code_projects/data science/portfolio-optimization/data/raw
2025-03-11 11:45:18,363 - src.data_collection - INFO - Starting data collection...
2025-03-11 11:45:18,571 - src.data_collection - INFO - Attempting to download asset data from Yahoo Finance...
2025-03-11 11:46:33,505 - src.data_collection - WARNING - Only downloaded 0/9 assets from Yahoo Finance.
2025-03-11 11:46:33,551 - src.data_collection - INFO - Attempting to download asset data from Alpha Vantage...
2025-03-11 11:46:33,795 - src.data_collection - WARNING - No time series data returned for TLT
2025-03-11 11:46:33,796 - src.data_collection - WARNING - No time series data returned for SPY
2025-03-11 11:46:33,801 - src.data_collection - INFO - Rate limiting: waiting 59.76 seconds
2025-03-11 11:46:33,803 - src.data_collection - WARNING - No time series data returned for GLD
2025-03-11 11:46:33,806 - src.data_collection - INFO - Rate limiting: waiting 59.75 seconds
2025-03-11 11:46:33,807 - src.data_collection - WARNING - No time series data returned for AAPL
2025-03-11 11:46:33,812 - src.data_collection - INFO - Rate limiting: waiting 59.74 seconds
2025-03-11 11:46:33,885 - src.data_collection - INFO - Rate limiting: waiting 59.67 seconds
2025-03-11 11:46:33,958 - src.data_collection - WARNING - No time series data returned for QQQ
2025-03-11 11:47:33,732 - src.data_collection - WARNING - No time series data returned for MSFT
2025-03-11 11:47:33,909 - src.data_collection - WARNING - No time series data returned for AMZN
2025-03-11 11:47:34,278 - src.data_collection - WARNING - No time series data returned for JPM
2025-03-11 11:47:34,452 - src.data_collection - WARNING - No time series data returned for XOM
2025-03-11 11:47:34,460 - src.data_collection - WARNING - Only downloaded 0/9 assets from Alpha Vantage.
2025-03-11 11:47:34,461 - src.data_collection - INFO - Attempting to download asset data from Polygon...
2025-03-11 11:47:35,250 - src.data_collection - WARNING - Retry 1/3 for SPY: 401 Client Error: Unauthorized for url: https://api.polygon.io/v2/aggs/ticker/SPY/range/1/day/2020-03-11/2025-03-10
2025-03-11 11:47:37,519 - src.data_collection - WARNING - Retry 2/3 for SPY: 401 Client Error: Unauthorized for url: https://api.polygon.io/v2/aggs/ticker/SPY/range/1/day/2020-03-11/2025-03-10
2025-03-11 11:47:40,277 - src.data_collection - WARNING - Error fetching SPY from Polygon: 401 Client Error: Unauthorized for url: https://api.polygon.io/v2/aggs/ticker/SPY/range/1/day/2020-03-11/2025-03-10
2025-03-11 11:47:40,526 - src.data_collection - WARNING - Retry 1/3 for QQQ: 401 Client Error: Unauthorized for url: https://api.polygon.io/v2/aggs/ticker/QQQ/range/1/day/2020-03-11/2025-03-10
2025-03-11 11:47:41,796 - src.data_collection - WARNING - Retry 2/3 for QQQ: 401 Client Error: Unauthorized for url: https://api.polygon.io/v2/aggs/ticker/QQQ/range/1/day/2020-03-11/2025-03-10
2025-03-11 11:47:44,571 - src.data_collection - WARNING - Error fetching QQQ from Polygon: 401 Client Error: Unauthorized for url: https://api.polygon.io/v2/aggs/ticker/QQQ/range/1/day/2020-03-11/2025-03-10
2025-03-11 11:47:44,830 - src.data_collection - WARNING - Retry 1/3 for TLT: 401 Client Error: Unauthorized for url: https://api.polygon.io/v2/aggs/ticker/TLT/range/1/day/2020-03-11/2025-03-10
2025-03-11 11:47:46,087 - src.data_collection - WARNING - Retry 2/3 for TLT: 401 Client Error: Unauthorized for url: https://api.polygon.io/v2/aggs/ticker/TLT/range/1/day/2020-03-11/2025-03-10
2025-03-11 11:47:48,345 - src.data_collection - WARNING - Error fetching TLT from Polygon: 401 Client Error: Unauthorized for url: https://api.polygon.io/v2/aggs/ticker/TLT/range/1/day/2020-03-11/2025-03-10
2025-03-11 11:47:48,607 - src.data_collection - WARNING - Retry 1/3 for GLD: 401 Client Error: Unauthorized for url: https://api.polygon.io/v2/aggs/ticker/GLD/range/1/day/2020-03-11/2025-03-10
2025-03-11 11:47:49,876 - src.data_collection - WARNING - Retry 2/3 for GLD: 401 Client Error: Unauthorized for url: https://api.polygon.io/v2/aggs/ticker/GLD/range/1/day/2020-03-11/2025-03-10
2025-03-11 11:47:52,639 - src.data_collection - WARNING - Error fetching GLD from Polygon: 401 Client Error: Unauthorized for url: https://api.polygon.io/v2/aggs/ticker/GLD/range/1/day/2020-03-11/2025-03-10
2025-03-11 11:47:53,905 - src.data_collection - WARNING - Retry 1/3 for AAPL: 401 Client Error: Unauthorized for url: https://api.polygon.io/v2/aggs/ticker/AAPL/range/1/day/2020-03-11/2025-03-10
2025-03-11 11:47:55,160 - src.data_collection - WARNING - Retry 2/3 for AAPL: 401 Client Error: Unauthorized for url: https://api.polygon.io/v2/aggs/ticker/AAPL/range/1/day/2020-03-11/2025-03-10
2025-03-11 11:47:57,421 - src.data_collection - WARNING - Error fetching AAPL from Polygon: 401 Client Error: Unauthorized for url: https://api.polygon.io/v2/aggs/ticker/AAPL/range/1/day/2020-03-11/2025-03-10
2025-03-11 11:47:57,425 - src.data_collection - INFO - Rate limiting: waiting 37.04 seconds
2025-03-11 11:48:35,734 - src.data_collection - WARNING - Retry 1/3 for MSFT: 401 Client Error: Unauthorized for url: https://api.polygon.io/v2/aggs/ticker/MSFT/range/1/day/2020-03-11/2025-03-10
2025-03-11 11:48:37,513 - src.data_collection - WARNING - Retry 2/3 for MSFT: 401 Client Error: Unauthorized for url: https://api.polygon.io/v2/aggs/ticker/MSFT/range/1/day/2020-03-11/2025-03-10
2025-03-11 11:48:39,776 - src.data_collection - WARNING - Error fetching MSFT from Polygon: 401 Client Error: Unauthorized for url: https://api.polygon.io/v2/aggs/ticker/MSFT/range/1/day/2020-03-11/2025-03-10
2025-03-11 11:48:39,779 - src.data_collection - INFO - Rate limiting: waiting 0.50 seconds
2025-03-11 11:48:40,543 - src.data_collection - WARNING - Retry 1/3 for AMZN: 401 Client Error: Unauthorized for url: https://api.polygon.io/v2/aggs/ticker/AMZN/range/1/day/2020-03-11/2025-03-10
2025-03-11 11:48:41,804 - src.data_collection - WARNING - Retry 2/3 for AMZN: 401 Client Error: Unauthorized for url: https://api.polygon.io/v2/aggs/ticker/AMZN/range/1/day/2020-03-11/2025-03-10
2025-03-11 11:48:44,079 - src.data_collection - WARNING - Error fetching AMZN from Polygon: 401 Client Error: Unauthorized for url: https://api.polygon.io/v2/aggs/ticker/AMZN/range/1/day/2020-03-11/2025-03-10
2025-03-11 11:48:44,084 - src.data_collection - INFO - Rate limiting: waiting 0.49 seconds
2025-03-11 11:48:45,844 - src.data_collection - WARNING - Retry 1/3 for JPM: 401 Client Error: Unauthorized for url: https://api.polygon.io/v2/aggs/ticker/JPM/range/1/day/2020-03-11/2025-03-10
2025-03-11 11:48:47,152 - src.data_collection - WARNING - Retry 2/3 for JPM: 401 Client Error: Unauthorized for url: https://api.polygon.io/v2/aggs/ticker/JPM/range/1/day/2020-03-11/2025-03-10
2025-03-11 11:48:49,418 - src.data_collection - WARNING - Error fetching JPM from Polygon: 401 Client Error: Unauthorized for url: https://api.polygon.io/v2/aggs/ticker/JPM/range/1/day/2020-03-11/2025-03-10
2025-03-11 11:48:49,681 - src.data_collection - WARNING - Retry 1/3 for XOM: 401 Client Error: Unauthorized for url: https://api.polygon.io/v2/aggs/ticker/XOM/range/1/day/2020-03-11/2025-03-10
2025-03-11 11:48:50,942 - src.data_collection - WARNING - Retry 2/3 for XOM: 401 Client Error: Unauthorized for url: https://api.polygon.io/v2/aggs/ticker/XOM/range/1/day/2020-03-11/2025-03-10
2025-03-11 11:48:53,756 - src.data_collection - WARNING - Error fetching XOM from Polygon: 401 Client Error: Unauthorized for url: https://api.polygon.io/v2/aggs/ticker/XOM/range/1/day/2020-03-11/2025-03-10
2025-03-11 11:48:53,761 - src.data_collection - WARNING - Only downloaded 0/9 assets from Polygon.
2025-03-11 11:48:53,766 - src.data_collection - WARNING - All data sources failed. Using sample asset data.
2025-03-11 11:48:53,768 - src.data_collection - INFO - Generating sample asset price data...
2025-03-11 11:48:53,935 - src.data_collection - INFO - Attempting to download macro data from FRED...
2025-03-11 11:48:54,042 - src.data_collection - WARNING - Error downloading CPIAUCSL: <urlopen error [SSL: CERTIFICATE_VERIFY_FAILED] certificate verify failed: unable to get local issuer certificate (_ssl.c:1002)>
2025-03-11 11:48:54,065 - src.data_collection - WARNING - Error downloading UNRATE: <urlopen error [SSL: CERTIFICATE_VERIFY_FAILED] certificate verify failed: unable to get local issuer certificate (_ssl.c:1002)>
2025-03-11 11:48:54,115 - src.data_collection - WARNING - Error downloading FEDFUNDS: <urlopen error [SSL: CERTIFICATE_VERIFY_FAILED] certificate verify failed: unable to get local issuer certificate (_ssl.c:1002)>
2025-03-11 11:48:54,142 - src.data_collection - WARNING - Error downloading T10Y2Y: <urlopen error [SSL: CERTIFICATE_VERIFY_FAILED] certificate verify failed: unable to get local issuer certificate (_ssl.c:1002)>
2025-03-11 11:48:54,186 - src.data_collection - WARNING - Error downloading BAMLH0A0HYM2: <urlopen error [SSL: CERTIFICATE_VERIFY_FAILED] certificate verify failed: unable to get local issuer certificate (_ssl.c:1002)>
2025-03-11 11:48:54,188 - src.data_collection - WARNING - No FRED data downloaded. Using sample macro data instead.
2025-03-11 11:48:54,190 - src.data_collection - INFO - Generating sample macroeconomic data...
2025-03-11 11:48:54,266 - src.data_collection - INFO - Attempting to download macro indicators from Yahoo Finance...
2025-03-11 11:49:23,048 - src.data_collection - INFO - Alpha Vantage doesn't support macroeconomic indicators through this implementation
2025-03-11 11:49:23,051 - src.data_collection - INFO - Polygon doesn't support macroeconomic indicators through this implementation
2025-03-11 11:49:23,715 - src.data_collection - INFO - Data collection completed. Files saved to: /Users/favourchianumba/Desktop/code_projects/data science/portfolio-optimization/data/raw
2025-03-11 13:24:48,743 - src.data_collection - INFO - Starting data collection...
2025-03-11 13:24:48,843 - src.data_collection - INFO - Attempting to download asset data from Yahoo Finance...
2025-03-11 13:25:33,746 - src.data_collection - WARNING - Only downloaded 0/9 assets from Yahoo Finance.
2025-03-11 13:25:33,749 - src.data_collection - INFO - Attempting to download asset data from Alpha Vantage...
2025-03-11 13:25:34,455 - src.data_collection - WARNING - No time series data returned for TLT
2025-03-11 13:25:34,460 - src.data_collection - INFO - Rate limiting: waiting 59.29 seconds
2025-03-11 13:25:34,464 - src.data_collection - WARNING - No time series data returned for SPY
2025-03-11 13:25:34,468 - src.data_collection - INFO - Rate limiting: waiting 59.29 seconds
2025-03-11 13:25:34,515 - src.data_collection - WARNING - No time series data returned for AAPL
2025-03-11 13:25:34,520 - src.data_collection - INFO - Rate limiting: waiting 59.23 seconds
2025-03-11 13:25:34,631 - src.data_collection - WARNING - No time series data returned for GLD
2025-03-11 13:25:34,636 - src.data_collection - INFO - Rate limiting: waiting 59.12 seconds
2025-03-11 13:25:34,676 - src.data_collection - WARNING - No time series data returned for QQQ
2025-03-11 13:26:34,993 - src.data_collection - WARNING - No time series data returned for MSFT
2025-03-11 13:26:35,015 - src.data_collection - WARNING - No time series data returned for XOM
2025-03-11 13:26:35,146 - src.data_collection - WARNING - No time series data returned for JPM
2025-03-11 13:26:35,147 - src.data_collection - WARNING - No time series data returned for AMZN
2025-03-11 13:26:35,156 - src.data_collection - WARNING - Only downloaded 0/9 assets from Alpha Vantage.
2025-03-11 13:26:35,158 - src.data_collection - INFO - Attempting to download asset data from Polygon...
2025-03-11 13:26:36,100 - src.data_collection - INFO - Successfully downloaded SPY from Polygon
2025-03-11 13:26:36,978 - src.data_collection - INFO - Successfully downloaded QQQ from Polygon
2025-03-11 13:26:37,337 - src.data_collection - INFO - Successfully downloaded TLT from Polygon
2025-03-11 13:26:38,185 - src.data_collection - INFO - Successfully downloaded GLD from Polygon
2025-03-11 13:26:39,046 - src.data_collection - INFO - Successfully downloaded AAPL from Polygon
2025-03-11 13:26:39,047 - src.data_collection - INFO - Rate limiting: waiting 56.12 seconds
2025-03-11 13:27:36,597 - src.data_collection - INFO - Successfully downloaded MSFT from Polygon
2025-03-11 13:27:36,971 - src.data_collection - INFO - Successfully downloaded AMZN from Polygon
2025-03-11 13:27:36,972 - src.data_collection - INFO - Rate limiting: waiting 0.01 seconds
2025-03-11 13:27:37,356 - src.data_collection - INFO - Successfully downloaded JPM from Polygon
2025-03-11 13:27:37,749 - src.data_collection - INFO - Successfully downloaded XOM from Polygon
2025-03-11 13:27:37,750 - src.data_collection - INFO - Successfully fetched asset data from Polygon
2025-03-11 13:27:37,752 - src.data_collection - INFO - Attempting to download macro data from FRED...
2025-03-11 13:27:37,844 - src.data_collection - WARNING - Error downloading CPIAUCSL: <urlopen error [SSL: CERTIFICATE_VERIFY_FAILED] certificate verify failed: unable to get local issuer certificate (_ssl.c:1002)>
2025-03-11 13:27:37,868 - src.data_collection - WARNING - Error downloading UNRATE: <urlopen error [SSL: CERTIFICATE_VERIFY_FAILED] certificate verify failed: unable to get local issuer certificate (_ssl.c:1002)>
2025-03-11 13:27:37,897 - src.data_collection - WARNING - Error downloading FEDFUNDS: <urlopen error [SSL: CERTIFICATE_VERIFY_FAILED] certificate verify failed: unable to get local issuer certificate (_ssl.c:1002)>
2025-03-11 13:27:37,923 - src.data_collection - WARNING - Error downloading T10Y2Y: <urlopen error [SSL: CERTIFICATE_VERIFY_FAILED] certificate verify failed: unable to get local issuer certificate (_ssl.c:1002)>
2025-03-11 13:27:37,963 - src.data_collection - WARNING - Error downloading BAMLH0A0HYM2: <urlopen error [SSL: CERTIFICATE_VERIFY_FAILED] certificate verify failed: unable to get local issuer certificate (_ssl.c:1002)>
2025-03-11 13:27:37,964 - src.data_collection - WARNING - No FRED data downloaded. Using sample macro data instead.
2025-03-11 13:27:37,968 - src.data_collection - INFO - Generating sample macroeconomic data...
2025-03-11 13:27:38,096 - src.data_collection - INFO - Attempting to download macro indicators from Yahoo Finance...
2025-03-11 13:28:04,775 - src.data_collection - INFO - Alpha Vantage doesn't support macroeconomic indicators through this implementation
2025-03-11 13:28:04,796 - src.data_collection - INFO - Polygon doesn't support macroeconomic indicators through this implementation
2025-03-11 13:28:04,871 - src.data_collection - INFO - Data collection completed. Files saved to: /Users/favourchianumba/Desktop/code_projects/data science/portfolio-optimization/data/raw
2025-03-11 13:47:19,782 - src.data_collection - INFO - Starting data collection...
2025-03-11 13:47:19,900 - src.data_collection - INFO - Attempting to download asset data from Yahoo Finance...
2025-03-11 13:48:00,238 - src.data_collection - WARNING - Only downloaded 0/9 assets from Yahoo Finance.
2025-03-11 13:48:00,241 - src.data_collection - INFO - Attempting to download asset data from Alpha Vantage...
2025-03-11 13:48:01,754 - src.data_collection - WARNING - No time series data returned for GLD
2025-03-11 13:48:01,759 - src.data_collection - INFO - Rate limiting: waiting 58.49 seconds
2025-03-11 13:48:01,990 - src.data_collection - WARNING - No time series data returned for AAPL
2025-03-11 13:48:01,995 - src.data_collection - INFO - Rate limiting: waiting 58.25 seconds
2025-03-11 13:48:02,083 - src.data_collection - WARNING - No time series data returned for QQQ
2025-03-11 13:48:02,087 - src.data_collection - INFO - Rate limiting: waiting 58.16 seconds
2025-03-11 13:48:02,116 - src.data_collection - WARNING - No time series data returned for SPY
2025-03-11 13:48:02,120 - src.data_collection - INFO - Rate limiting: waiting 58.12 seconds
2025-03-11 13:48:02,125 - src.data_collection - WARNING - No time series data returned for TLT
2025-03-11 13:49:02,478 - src.data_collection - WARNING - No time series data returned for MSFT
2025-03-11 13:49:03,710 - src.data_collection - WARNING - No time series data returned for XOM
2025-03-11 13:49:03,710 - src.data_collection - WARNING - No time series data returned for AMZN
2025-03-11 13:49:03,770 - src.data_collection - WARNING - No time series data returned for JPM
2025-03-11 13:49:03,779 - src.data_collection - WARNING - Only downloaded 0/9 assets from Alpha Vantage.
2025-03-11 13:49:03,780 - src.data_collection - INFO - Attempting to download asset data from Polygon...
2025-03-11 13:49:04,421 - src.data_collection - INFO - Successfully downloaded SPY from Polygon
2025-03-11 13:49:04,817 - src.data_collection - INFO - Successfully downloaded QQQ from Polygon
2025-03-11 13:49:05,160 - src.data_collection - INFO - Successfully downloaded TLT from Polygon
2025-03-11 13:49:05,501 - src.data_collection - INFO - Successfully downloaded GLD from Polygon
2025-03-11 13:49:05,891 - src.data_collection - INFO - Successfully downloaded AAPL from Polygon
2025-03-11 13:49:05,892 - src.data_collection - INFO - Rate limiting: waiting 57.90 seconds
2025-03-11 13:50:05,172 - src.data_collection - INFO - Successfully downloaded MSFT from Polygon
2025-03-11 13:50:06,221 - src.data_collection - INFO - Successfully downloaded AMZN from Polygon
2025-03-11 13:50:06,596 - src.data_collection - INFO - Successfully downloaded JPM from Polygon
2025-03-11 13:50:07,955 - src.data_collection - INFO - Successfully downloaded XOM from Polygon
2025-03-11 13:50:07,957 - src.data_collection - INFO - Successfully fetched asset data from Polygon
2025-03-11 13:50:07,961 - src.data_collection - INFO - Attempting to download macro data from FRED...
2025-03-11 13:50:09,746 - src.data_collection - INFO - Successfully downloaded CPIAUCSL from FRED
2025-03-11 13:50:10,073 - src.data_collection - INFO - Successfully downloaded UNRATE from FRED
2025-03-11 13:50:10,604 - src.data_collection - INFO - Successfully downloaded FEDFUNDS from FRED
2025-03-11 13:50:11,471 - src.data_collection - INFO - Successfully downloaded T10Y2Y from FRED
2025-03-11 13:50:12,558 - src.data_collection - INFO - Successfully downloaded BAMLH0A0HYM2 from FRED
2025-03-11 13:50:12,561 - src.data_collection - INFO - Attempting to download macro indicators from Yahoo Finance...
2025-03-11 13:50:46,304 - src.data_collection - INFO - Alpha Vantage doesn't support macroeconomic indicators through this implementation
2025-03-11 13:50:46,308 - src.data_collection - INFO - Polygon doesn't support macroeconomic indicators through this implementation
2025-03-11 13:50:46,391 - src.data_collection - INFO - Data collection completed. Files saved to: /Users/favourchianumba/Desktop/code_projects/data science/portfolio-optimization/data/raw
2025-03-11 14:54:49,945 - src.data_collection - INFO - Starting data collection...
2025-03-11 14:54:50,563 - src.data_collection - INFO - Attempting to download asset data from Yahoo Finance (yahooquery)...
2025-03-11 14:55:00,819 - src.data_collection - INFO - Successfully downloaded data for SPY
2025-03-11 14:55:00,831 - src.data_collection - INFO - Successfully downloaded data for QQQ
2025-03-11 14:55:00,839 - src.data_collection - INFO - Successfully downloaded data for TLT
2025-03-11 14:55:00,866 - src.data_collection - INFO - Successfully downloaded data for GLD
2025-03-11 14:55:00,881 - src.data_collection - INFO - Successfully downloaded data for AAPL
2025-03-11 14:55:00,887 - src.data_collection - INFO - Successfully downloaded data for MSFT
2025-03-11 14:55:00,905 - src.data_collection - INFO - Successfully downloaded data for AMZN
2025-03-11 14:55:00,911 - src.data_collection - INFO - Successfully downloaded data for JPM
2025-03-11 14:55:00,919 - src.data_collection - INFO - Successfully downloaded data for XOM
2025-03-11 14:55:00,921 - src.data_collection - INFO - Successfully fetched asset data from Yahoo Finance
2025-03-11 14:55:00,923 - src.data_collection - INFO - Attempting to download macro data from FRED...
2025-03-11 14:55:01,879 - src.data_collection - INFO - Successfully downloaded CPIAUCSL from FRED
2025-03-11 14:55:02,354 - src.data_collection - INFO - Successfully downloaded UNRATE from FRED
2025-03-11 14:55:02,668 - src.data_collection - INFO - Successfully downloaded FEDFUNDS from FRED
2025-03-11 14:55:03,343 - src.data_collection - INFO - Successfully downloaded T10Y2Y from FRED
2025-03-11 14:55:03,916 - src.data_collection - INFO - Successfully downloaded BAMLH0A0HYM2 from FRED
2025-03-11 14:55:03,917 - src.data_collection - INFO - Attempting to download macro indicators from Yahoo Finance (yahooquery)...
2025-03-11 14:55:06,392 - src.data_collection - INFO - Successfully downloaded ^VIX
2025-03-11 14:55:06,397 - src.data_collection - INFO - Successfully downloaded ^TNX
2025-03-11 14:55:06,402 - src.data_collection - INFO - Successfully downloaded ^TYX
2025-03-11 14:55:06,407 - src.data_collection - INFO - Successfully downloaded ^DJI
2025-03-11 14:55:06,414 - src.data_collection - INFO - Successfully fetched macro indicators from Yahoo Finance
2025-03-11 14:55:08,042 - src.data_collection - INFO - Data collection completed. Files saved to: /Users/favourchianumba/Desktop/code_projects/data science/portfolio-optimization/data/raw
2025-03-11 15:19:56,433 - src.data_collection - INFO - Starting data collection...
2025-03-11 15:19:56,615 - src.data_collection - INFO - Attempting to download asset data from Yahoo Finance (yahooquery)...
2025-03-11 15:20:03,947 - src.data_collection - INFO - Successfully downloaded data for SPY
2025-03-11 15:20:03,949 - src.data_collection - INFO - Successfully downloaded data for QQQ
2025-03-11 15:20:03,952 - src.data_collection - INFO - Successfully downloaded data for TLT
2025-03-11 15:20:03,955 - src.data_collection - INFO - Successfully downloaded data for GLD
2025-03-11 15:20:03,957 - src.data_collection - INFO - Successfully downloaded data for AAPL
2025-03-11 15:20:03,961 - src.data_collection - INFO - Successfully downloaded data for MSFT
2025-03-11 15:20:03,983 - src.data_collection - INFO - Successfully downloaded data for AMZN
2025-03-11 15:20:03,990 - src.data_collection - INFO - Successfully downloaded data for JPM
2025-03-11 15:20:04,003 - src.data_collection - INFO - Successfully downloaded data for XOM
2025-03-11 15:20:04,151 - src.data_collection - INFO - Successfully fetched asset data from Yahoo Finance
2025-03-11 15:20:04,180 - src.data_collection - INFO - Attempting to download macro data from FRED...
2025-03-11 15:20:04,821 - src.data_collection - INFO - Successfully downloaded CPIAUCSL from FRED
2025-03-11 15:20:05,211 - src.data_collection - INFO - Successfully downloaded UNRATE from FRED
2025-03-11 15:20:05,497 - src.data_collection - INFO - Successfully downloaded FEDFUNDS from FRED
2025-03-11 15:20:06,119 - src.data_collection - INFO - Successfully downloaded T10Y2Y from FRED
2025-03-11 15:20:06,945 - src.data_collection - INFO - Successfully downloaded BAMLH0A0HYM2 from FRED
2025-03-11 15:20:06,946 - src.data_collection - INFO - Attempting to download macro indicators from Yahoo Finance (yahooquery)...
2025-03-11 15:20:08,739 - src.data_collection - INFO - Successfully downloaded ^VIX
2025-03-11 15:20:08,743 - src.data_collection - INFO - Successfully downloaded ^TNX
2025-03-11 15:20:08,751 - src.data_collection - INFO - Successfully downloaded ^TYX
2025-03-11 15:20:08,754 - src.data_collection - INFO - Successfully downloaded ^DJI
2025-03-11 15:20:08,799 - src.data_collection - INFO - Successfully fetched macro indicators from Yahoo Finance
2025-03-11 15:20:08,813 - src.data_collection - INFO - Successfully fetched macro indicators from Yahoo Finance
2025-03-11 15:20:08,903 - src.data_collection - INFO - Data collection completed. Files saved to: /Users/favourchianumba/Desktop/code_projects/data science/portfolio-optimization/data/raw
2025-03-11 15:35:42,112 - src.data_collection - INFO - Starting data collection...
2025-03-11 15:35:42,395 - src.data_collection - INFO - Attempting to download asset data from Yahoo Finance (yahooquery)...
2025-03-11 15:35:53,283 - src.data_collection - INFO - Successfully downloaded data for SPY
2025-03-11 15:35:53,287 - src.data_collection - INFO - Successfully downloaded data for QQQ
2025-03-11 15:35:53,290 - src.data_collection - INFO - Successfully downloaded data for TLT
2025-03-11 15:35:53,293 - src.data_collection - INFO - Successfully downloaded data for GLD
2025-03-11 15:35:53,295 - src.data_collection - INFO - Successfully downloaded data for AAPL
2025-03-11 15:35:53,298 - src.data_collection - INFO - Successfully downloaded data for MSFT
2025-03-11 15:35:53,301 - src.data_collection - INFO - Successfully downloaded data for AMZN
2025-03-11 15:35:53,313 - src.data_collection - INFO - Successfully downloaded data for JPM
2025-03-11 15:35:53,317 - src.data_collection - INFO - Successfully downloaded data for XOM
2025-03-11 15:35:53,897 - src.data_collection - INFO - Successfully fetched asset data from Yahoo Finance
2025-03-11 15:35:53,898 - src.data_collection - INFO - Attempting to download macro data from FRED...
2025-03-11 15:35:54,170 - src.data_collection - INFO - Successfully downloaded CPIAUCSL from FRED
2025-03-11 15:35:54,412 - src.data_collection - INFO - Successfully downloaded UNRATE from FRED
2025-03-11 15:35:54,771 - src.data_collection - INFO - Successfully downloaded FEDFUNDS from FRED
2025-03-11 15:35:55,319 - src.data_collection - INFO - Successfully downloaded T10Y2Y from FRED
2025-03-11 15:35:56,172 - src.data_collection - INFO - Successfully downloaded BAMLH0A0HYM2 from FRED
2025-03-11 15:35:56,174 - src.data_collection - INFO - Attempting to download macro indicators from Yahoo Finance (yahooquery)...
2025-03-11 15:35:59,329 - src.data_collection - INFO - Successfully downloaded ^VIX
2025-03-11 15:35:59,332 - src.data_collection - INFO - Successfully downloaded ^TNX
2025-03-11 15:35:59,337 - src.data_collection - INFO - Successfully downloaded ^TYX
2025-03-11 15:35:59,343 - src.data_collection - INFO - Successfully downloaded ^DJI
2025-03-11 15:35:59,399 - src.data_collection - INFO - Successfully fetched macro indicators from Yahoo Finance
2025-03-11 15:35:59,517 - src.data_collection - INFO - Successfully fetched macro indicators from Yahoo Finance
2025-03-11 15:35:59,844 - src.data_collection - INFO - Data collection completed. Files saved to: /Users/favourchianumba/Desktop/code_projects/data science/portfolio-optimization/data/raw
