2025-03-10 22:23:48,009 - src.monte_carlo - INFO - Running Monte Carlo simulation with 1000 paths over 1260 days using parametric method...
2025-03-10 22:23:48,107 - src.monte_carlo - INFO - Running simulations using 3 processes
2025-03-10 22:25:04,889 - src.monte_carlo - INFO - Saved simulation results to cache: mc_parametric_100000_1000_1260_7354dce7_7e81a3f5
2025-03-10 22:25:04,900 - src.monte_carlo - INFO - Monte Carlo simulation completed in 76.89 seconds. Mean final value: $503,367.96
2025-03-10 22:25:04,916 - src.monte_carlo - INFO - Running Monte Carlo simulation with 1000 paths over 1260 days using historical method...
2025-03-10 22:25:05,055 - src.monte_carlo - INFO - Running simulations using 3 processes
2025-03-10 22:25:48,396 - src.monte_carlo - INFO - Saved simulation results to cache: mc_historical_100000_1000_1260_7354dce7_7e81a3f5
2025-03-10 22:25:48,430 - src.monte_carlo - INFO - Monte Carlo simulation completed in 43.51 seconds. Mean final value: $502,188.82
2025-03-10 22:25:48,484 - src.monte_carlo - INFO - Running Monte Carlo simulation with 1000 paths over 1260 days using bootstrap method...
2025-03-10 22:25:48,495 - src.monte_carlo - INFO - Running simulations using 3 processes
2025-03-10 22:26:58,045 - src.monte_carlo - INFO - Saved simulation results to cache: mc_bootstrap_100000_1000_1260_7354dce7_7e81a3f5
2025-03-10 22:26:58,061 - src.monte_carlo - INFO - Monte Carlo simulation completed in 69.58 seconds. Mean final value: $542,133.86
2025-03-10 22:27:30,836 - src.monte_carlo - INFO - Running portfolio stress tests...
2025-03-10 22:27:30,883 - src.monte_carlo - INFO - Running stress test: covid_crash_2020
2025-03-10 22:27:31,288 - src.monte_carlo - WARNING - Dates for scenario covid_crash_2020 not in data range. Skipping.
2025-03-10 22:27:31,290 - src.monte_carlo - INFO - Running stress test: financial_crisis_2008
2025-03-10 22:27:31,293 - src.monte_carlo - WARNING - Dates for scenario financial_crisis_2008 not in data range. Skipping.
2025-03-10 22:27:31,295 - src.monte_carlo - INFO - Running stress test: dot_com_crash
2025-03-10 22:27:31,298 - src.monte_carlo - WARNING - Dates for scenario dot_com_crash not in data range. Skipping.
2025-03-10 22:27:31,299 - src.monte_carlo - INFO - Running stress test: custom_scenario_1
2025-03-10 22:27:31,310 - src.monte_carlo - INFO - Running stress test: custom_scenario_2
2025-03-10 22:27:31,315 - src.monte_carlo - INFO - Portfolio stress tests completed for 2 scenarios.
2025-03-11 09:01:12,837 - src.monte_carlo - INFO - Running portfolio stress tests...
2025-03-11 09:01:13,003 - src.monte_carlo - INFO - Running stress test: covid_crash_2020
2025-03-11 09:01:13,045 - src.monte_carlo - WARNING - Dates for scenario covid_crash_2020 not in data range. Skipping.
2025-03-11 09:01:13,047 - src.monte_carlo - INFO - Running stress test: financial_crisis_2008
2025-03-11 09:01:13,050 - src.monte_carlo - WARNING - Dates for scenario financial_crisis_2008 not in data range. Skipping.
2025-03-11 09:01:13,057 - src.monte_carlo - INFO - Running stress test: dot_com_crash
2025-03-11 09:01:13,081 - src.monte_carlo - WARNING - Dates for scenario dot_com_crash not in data range. Skipping.
2025-03-11 09:01:13,084 - src.monte_carlo - INFO - Running stress test: custom_scenario_1
2025-03-11 09:01:13,113 - src.monte_carlo - INFO - Running stress test: custom_scenario_2
2025-03-11 09:01:13,118 - src.monte_carlo - INFO - Portfolio stress tests completed for 2 scenarios.
