2025-03-10 21:34:50,095 - src.optimization - INFO - Generating efficient frontier...
2025-03-10 21:34:55,477 - src.optimization - INFO - Efficient frontier generated successfully.
2025-03-10 21:34:59,791 - src.optimization - INFO - Optimizing portfolio for maximum Sharpe ratio...
2025-03-10 21:35:00,315 - src.optimization - INFO - Maximum Sharpe ratio optimization completed. Sharpe: 2.2017
2025-03-10 21:35:00,321 - src.optimization - INFO - Optimizing portfolio for minimum volatility...
2025-03-10 21:35:00,371 - src.optimization - INFO - Minimum volatility optimization completed. Volatility: 0.0975
2025-03-10 21:35:00,374 - src.optimization - INFO - Optimizing portfolio using risk parity approach...
2025-03-10 21:35:00,423 - src.optimization - INFO - Risk parity optimization completed. Return: 0.1363, Volatility: 0.0990
2025-03-10 21:35:00,427 - src.optimization - INFO - Generating efficient frontier curve with optimized portfolios...
2025-03-10 21:35:00,431 - src.optimization - INFO - Optimizing portfolio for minimum volatility...
2025-03-10 21:35:00,449 - src.optimization - INFO - Minimum volatility optimization completed. Volatility: 0.0975
2025-03-10 21:35:00,453 - src.optimization - INFO - Optimizing portfolio for target return of 0.1348...
2025-03-10 21:35:00,632 - src.optimization - INFO - Efficient return optimization completed. Return: 0.1348, Volatility: 0.0975
2025-03-10 21:35:00,637 - src.optimization - INFO - Optimizing portfolio for target return of 0.1551...
2025-03-10 21:35:00,682 - src.optimization - INFO - Efficient return optimization completed. Return: 0.1551, Volatility: 0.0979
2025-03-10 21:35:00,683 - src.optimization - INFO - Optimizing portfolio for target return of 0.1755...
2025-03-10 21:35:00,726 - src.optimization - INFO - Efficient return optimization completed. Return: 0.1755, Volatility: 0.0991
2025-03-10 21:35:00,727 - src.optimization - INFO - Optimizing portfolio for target return of 0.1959...
2025-03-10 21:35:00,998 - src.optimization - INFO - Efficient return optimization completed. Return: 0.1959, Volatility: 0.1010
2025-03-10 21:35:01,015 - src.optimization - INFO - Optimizing portfolio for target return of 0.2163...
2025-03-10 21:35:01,225 - src.optimization - INFO - Efficient return optimization completed. Return: 0.2163, Volatility: 0.1036
2025-03-10 21:35:01,227 - src.optimization - INFO - Optimizing portfolio for target return of 0.2366...
2025-03-10 21:35:01,265 - src.optimization - INFO - Efficient return optimization completed. Return: 0.2366, Volatility: 0.1069
2025-03-10 21:35:01,268 - src.optimization - INFO - Optimizing portfolio for target return of 0.2570...
2025-03-10 21:35:01,313 - src.optimization - INFO - Efficient return optimization completed. Return: 0.2570, Volatility: 0.1113
2025-03-10 21:35:01,316 - src.optimization - INFO - Optimizing portfolio for target return of 0.2774...
2025-03-10 21:35:01,634 - src.optimization - INFO - Efficient return optimization completed. Return: 0.2774, Volatility: 0.1167
2025-03-10 21:35:01,652 - src.optimization - INFO - Optimizing portfolio for target return of 0.2978...
2025-03-10 21:35:01,751 - src.optimization - INFO - Efficient return optimization completed. Return: 0.2978, Volatility: 0.1229
2025-03-10 21:35:01,752 - src.optimization - INFO - Optimizing portfolio for target return of 0.3181...
2025-03-10 21:35:01,804 - src.optimization - INFO - Efficient return optimization completed. Return: 0.3181, Volatility: 0.1300
2025-03-10 21:35:01,807 - src.optimization - INFO - Optimizing portfolio for target return of 0.3385...
2025-03-10 21:35:01,856 - src.optimization - INFO - Efficient return optimization completed. Return: 0.3385, Volatility: 0.1380
2025-03-10 21:35:01,857 - src.optimization - INFO - Optimizing portfolio for target return of 0.3589...
2025-03-10 21:35:01,902 - src.optimization - INFO - Efficient return optimization completed. Return: 0.3589, Volatility: 0.1472
2025-03-10 21:35:01,903 - src.optimization - INFO - Optimizing portfolio for target return of 0.3793...
2025-03-10 21:35:01,942 - src.optimization - INFO - Efficient return optimization completed. Return: 0.3793, Volatility: 0.1576
2025-03-10 21:35:01,943 - src.optimization - INFO - Optimizing portfolio for target return of 0.3996...
2025-03-10 21:35:01,988 - src.optimization - INFO - Efficient return optimization completed. Return: 0.3996, Volatility: 0.1691
2025-03-10 21:35:01,989 - src.optimization - INFO - Optimizing portfolio for target return of 0.4200...
2025-03-10 21:35:02,033 - src.optimization - INFO - Efficient return optimization completed. Return: 0.4200, Volatility: 0.1817
2025-03-10 21:35:02,035 - src.optimization - INFO - Optimizing portfolio for target return of 0.4404...
2025-03-10 21:35:02,073 - src.optimization - INFO - Efficient return optimization completed. Return: 0.4404, Volatility: 0.1966
2025-03-10 21:35:02,075 - src.optimization - INFO - Optimizing portfolio for target return of 0.4608...
2025-03-10 21:35:02,109 - src.optimization - INFO - Efficient return optimization completed. Return: 0.4608, Volatility: 0.2145
2025-03-10 21:35:02,110 - src.optimization - INFO - Optimizing portfolio for target return of 0.4811...
2025-03-10 21:35:02,147 - src.optimization - INFO - Efficient return optimization completed. Return: 0.4811, Volatility: 0.2346
2025-03-10 21:35:02,149 - src.optimization - INFO - Optimizing portfolio for target return of 0.5015...
2025-03-10 21:35:02,182 - src.optimization - INFO - Efficient return optimization completed. Return: 0.5015, Volatility: 0.2570
2025-03-10 21:35:02,184 - src.optimization - INFO - Optimizing portfolio for target return of 0.5219...
2025-03-10 21:35:02,203 - src.optimization - INFO - Efficient return optimization completed. Return: 0.5219, Volatility: 0.2818
2025-03-10 21:35:02,205 - src.optimization - INFO - Efficient frontier curve generated with 20 portfolios.
2025-03-10 22:17:41,503 - src.optimization - INFO - Generating efficient frontier...
2025-03-10 22:17:43,918 - src.optimization - INFO - Efficient frontier generated successfully.
2025-03-10 22:17:46,173 - src.optimization - INFO - Optimizing portfolio for maximum Sharpe ratio...
2025-03-10 22:17:46,316 - src.optimization - INFO - Maximum Sharpe ratio optimization completed. Sharpe: 2.1798
2025-03-10 22:17:46,317 - src.optimization - INFO - Optimizing portfolio for minimum volatility...
2025-03-10 22:17:46,345 - src.optimization - INFO - Minimum volatility optimization completed. Volatility: 0.0864
2025-03-10 22:17:46,347 - src.optimization - INFO - Optimizing portfolio using risk parity approach...
2025-03-10 22:17:46,428 - src.optimization - INFO - Risk parity optimization completed. Return: 0.1592, Volatility: 0.0886
2025-03-10 22:17:46,429 - src.optimization - INFO - Generating efficient frontier curve with optimized portfolios...
2025-03-10 22:17:46,433 - src.optimization - INFO - Optimizing portfolio for minimum volatility...
2025-03-10 22:17:46,458 - src.optimization - INFO - Minimum volatility optimization completed. Volatility: 0.0864
2025-03-10 22:17:46,460 - src.optimization - INFO - Optimizing portfolio for target return of 0.1465...
2025-03-10 22:17:46,519 - src.optimization - INFO - Efficient return optimization completed. Return: 0.1465, Volatility: 0.0864
2025-03-10 22:17:46,523 - src.optimization - INFO - Optimizing portfolio for target return of 0.1572...
2025-03-10 22:17:46,607 - src.optimization - INFO - Efficient return optimization completed. Return: 0.1572, Volatility: 0.0866
2025-03-10 22:17:46,610 - src.optimization - INFO - Optimizing portfolio for target return of 0.1680...
2025-03-10 22:17:46,695 - src.optimization - INFO - Efficient return optimization completed. Return: 0.1680, Volatility: 0.0873
2025-03-10 22:17:46,696 - src.optimization - INFO - Optimizing portfolio for target return of 0.1787...
2025-03-10 22:17:46,795 - src.optimization - INFO - Efficient return optimization completed. Return: 0.1787, Volatility: 0.0883
2025-03-10 22:17:46,799 - src.optimization - INFO - Optimizing portfolio for target return of 0.1894...
2025-03-10 22:17:46,905 - src.optimization - INFO - Efficient return optimization completed. Return: 0.1894, Volatility: 0.0898
2025-03-10 22:17:46,906 - src.optimization - INFO - Optimizing portfolio for target return of 0.2001...
2025-03-10 22:17:46,986 - src.optimization - INFO - Efficient return optimization completed. Return: 0.2001, Volatility: 0.0916
2025-03-10 22:17:46,987 - src.optimization - INFO - Optimizing portfolio for target return of 0.2109...
2025-03-10 22:17:47,024 - src.optimization - INFO - Efficient return optimization completed. Return: 0.2109, Volatility: 0.0938
2025-03-10 22:17:47,025 - src.optimization - INFO - Optimizing portfolio for target return of 0.2216...
2025-03-10 22:17:47,058 - src.optimization - INFO - Efficient return optimization completed. Return: 0.2216, Volatility: 0.0963
2025-03-10 22:17:47,059 - src.optimization - INFO - Optimizing portfolio for target return of 0.2323...
2025-03-10 22:17:47,091 - src.optimization - INFO - Efficient return optimization completed. Return: 0.2323, Volatility: 0.0991
2025-03-10 22:17:47,092 - src.optimization - INFO - Optimizing portfolio for target return of 0.2431...
2025-03-10 22:17:47,175 - src.optimization - INFO - Efficient return optimization completed. Return: 0.2431, Volatility: 0.1022
2025-03-10 22:17:47,176 - src.optimization - INFO - Optimizing portfolio for target return of 0.2538...
2025-03-10 22:17:47,228 - src.optimization - INFO - Efficient return optimization completed. Return: 0.2538, Volatility: 0.1056
2025-03-10 22:17:47,229 - src.optimization - INFO - Optimizing portfolio for target return of 0.2645...
2025-03-10 22:17:47,285 - src.optimization - INFO - Efficient return optimization completed. Return: 0.2645, Volatility: 0.1092
2025-03-10 22:17:47,286 - src.optimization - INFO - Optimizing portfolio for target return of 0.2753...
2025-03-10 22:17:47,334 - src.optimization - INFO - Efficient return optimization completed. Return: 0.2753, Volatility: 0.1130
2025-03-10 22:17:47,335 - src.optimization - INFO - Optimizing portfolio for target return of 0.2860...
2025-03-10 22:17:47,394 - src.optimization - INFO - Efficient return optimization completed. Return: 0.2860, Volatility: 0.1170
2025-03-10 22:17:47,396 - src.optimization - INFO - Optimizing portfolio for target return of 0.2967...
2025-03-10 22:17:47,454 - src.optimization - INFO - Efficient return optimization completed. Return: 0.2967, Volatility: 0.1212
2025-03-10 22:17:47,455 - src.optimization - INFO - Optimizing portfolio for target return of 0.3075...
2025-03-10 22:17:47,505 - src.optimization - INFO - Efficient return optimization completed. Return: 0.3075, Volatility: 0.1255
2025-03-10 22:17:47,506 - src.optimization - INFO - Optimizing portfolio for target return of 0.3182...
2025-03-10 22:17:47,565 - src.optimization - INFO - Efficient return optimization completed. Return: 0.3182, Volatility: 0.1300
2025-03-10 22:17:47,566 - src.optimization - INFO - Optimizing portfolio for target return of 0.3289...
2025-03-10 22:17:47,608 - src.optimization - INFO - Efficient return optimization completed. Return: 0.3289, Volatility: 0.1349
2025-03-10 22:17:47,609 - src.optimization - INFO - Optimizing portfolio for target return of 0.3397...
2025-03-10 22:17:47,665 - src.optimization - INFO - Efficient return optimization completed. Return: 0.3397, Volatility: 0.1404
2025-03-10 22:17:47,666 - src.optimization - INFO - Optimizing portfolio for target return of 0.3504...
2025-03-10 22:17:47,726 - src.optimization - INFO - Efficient return optimization completed. Return: 0.3504, Volatility: 0.1465
2025-03-10 22:17:47,731 - src.optimization - INFO - Efficient frontier curve generated with 20 portfolios.
